<?xml version="1.0" encoding="UTF-8"?>
<!-- Generated by org.testng.reporters.JUnitReportReporter -->
<testsuite hostname="Saimas-MBP.bbrouter" failures="0" tests="1" name="apiAutomation.restAssuredApis" time="1.546" errors="0" timestamp="2024-10-13T19:52:18 PKT" skipped="0">
  <testcase classname="apiAutomation.restAssuredApis" name="testLoginPostRequest" time="1.546"/>
</testsuite> <!-- apiAutomation.restAssuredApis -->
