<?xml version="1.0" encoding="UTF-8"?>
<!-- Generated by org.testng.reporters.JUnitReportReporter -->
<testsuite hostname="Saimas-MBP.bbrouter" failures="0" tests="3" name="apiAutomation.restAssuredApis" time="2.157" errors="0" timestamp="2024-10-13T00:31:10 PKT" skipped="0">
  <testcase classname="apiAutomation.restAssuredApis" name="testLogin" time="1.444"/>
  <testcase classname="apiAutomation.restAssuredApis" name="testSecurityPage" time="0.496"/>
  <testcase classname="apiAutomation.restAssuredApis" name="testUpdateProfile" time="0.217"/>
</testsuite> <!-- apiAutomation.restAssuredApis -->
