<?xml version="1.0" encoding="UTF-8"?>
<!-- Generated by org.testng.reporters.JUnitReportReporter -->
<testsuite hostname="Saimas-MBP.bbrouter" failures="0" tests="3" name="apiAutomation.restAssuredApis" time="1.909" errors="0" timestamp="2024-10-13T18:15:53 PKT" skipped="0">
  <testcase classname="apiAutomation.restAssuredApis" name="testLoginPostRequest" time="1.208"/>
  <testcase classname="apiAutomation.restAssuredApis" name="testUpdateProfilePutRequest" time="0.253"/>
  <testcase classname="apiAutomation.restAssuredApis" name="testSecuritySSOGetRequest" time="0.448"/>
</testsuite> <!-- apiAutomation.restAssuredApis -->
