<?xml version="1.0" encoding="UTF-8"?>
<!-- Generated by org.testng.reporters.JUnitReportReporter -->
<testsuite hostname="Saimas-MBP.bbrouter" failures="0" tests="3" name="apiAutomation.restAssuredApis" time="2.388" errors="0" timestamp="2024-10-13T19:38:02 PKT" skipped="0">
  <testcase classname="apiAutomation.restAssuredApis" name="testLoginPostRequest" time="1.402"/>
  <testcase classname="apiAutomation.restAssuredApis" name="testUpdateProfilePutRequest" time="0.511"/>
  <testcase classname="apiAutomation.restAssuredApis" name="testSecuritySSOGetRequest" time="0.475"/>
</testsuite> <!-- apiAutomation.restAssuredApis -->
